# JRE version: Java(TM) SE Runtime Environment (25.0.2+10) (build 25.0.2+10-LTS-69)
# Java VM: Java HotSpot(TM) 64-Bit Server VM (25.0.2+10-LTS-69, mixed mode, sharing, tiered, compressed oops, compressed class ptrs, g1 gc, windows-amd64)
GC Precious Log:
 CardTable entry size: 512
 Card Set container configuration: InlinePtr #cards 5 size 8 Array Of Cards #cards 10 size 36 Howl #buckets 4 coarsen threshold 1843 Howl Bitmap #cards 512 size 80 coarsen threshold 460 Card regions per heap region 1 cards per card region 2048
 CPUs: 8 total, 8 available
 Memory: 6055M
 Large Page Support: Disabled
 NUMA Support: Disabled
 Compressed Oops: Enabled (32-bit)
 Heap Region Size: 1M
 Heap Min Capacity: 8M
 Heap Initial Capacity: 96M
 Heap Max Capacity: 1514M
 Pre-touch: Disabled
 Parallel Workers: 8
 Concurrent Workers: 2
 Concurrent Refinement Workers: 8
 Periodic GC: Disabled
Heap:
 garbage-first heap   total reserved 1550336K, committed 100352K, used 21114K [0x00000000a1600000, 0x0000000100000000)
  region size 1024K, 7 young (7168K), 5 survivors (5120K)
GC Heap Usage History (10 events):
Event: 5.272 {heap Before GC invocations=0 (full 0):
 garbage-first heap   total reserved 1550336K, committed 100352K, used 49301K [0x00000000a1600000, 0x0000000100000000)
  region size 1024K, 47 young (48128K), 0 survivors (0K)
}
Event: 5.291 {heap After GC invocations=1 (full 0):
 garbage-first heap   total reserved 1550336K, committed 100352K, used 5781K [0x00000000a1600000, 0x0000000100000000)
  region size 1024K, 5 young (5120K), 5 survivors (5120K)
}
Event: 8.904 {heap Before GC invocations=1 (full 0):
 garbage-first heap   total reserved 1550336K, committed 100352K, used 48789K [0x00000000a1600000, 0x0000000100000000)
  region size 1024K, 47 young (48128K), 5 survivors (5120K)
}
Event: 8.927 {heap After GC invocations=2 (full 0):
 garbage-first heap   total reserved 1550336K, committed 100352K, used 10389K [0x00000000a1600000, 0x0000000100000000)
  region size 1024K, 5 young (5120K), 5 survivors (5120K)
}
Event: 10.641 {heap Before GC invocations=2 (full 0):
 garbage-first heap   total reserved 1550336K, committed 100352K, used 58517K [0x00000000a1600000, 0x0000000100000000)
  region size 1024K, 52 young (53248K), 5 survivors (5120K)
}
Event: 10.665 {heap After GC invocations=3 (full 0):
 garbage-first heap   total reserved 1550336K, committed 100352K, used 14929K [0x00000000a1600000, 0x0000000100000000)
  region size 1024K, 5 young (5120K), 5 survivors (5120K)
}
Event: 11.533 {heap Before GC invocations=3 (full 0):
 garbage-first heap   total reserved 1550336K, committed 100352K, used 66129K [0x00000000a1600000, 0x0000000100000000)
  region size 1024K, 55 young (56320K), 5 survivors (5120K)
}
Event: 11.548 {heap After GC invocations=4 (full 0):
 garbage-first heap   total reserved 1550336K, committed 100352K, used 18816K [0x00000000a1600000, 0x0000000100000000)
  region size 1024K, 4 young (4096K), 4 survivors (4096K)
}
Event: 13.542 {heap Before GC invocations=4 (full 0):
 garbage-first heap   total reserved 1550336K, committed 100352K, used 72064K [0x00000000a1600000, 0x0000000100000000)
  region size 1024K, 56 young (57344K), 4 survivors (4096K)
}
Event: 13.558 {heap After GC invocations=5 (full 0):
 garbage-first heap   total reserved 1550336K, committed 100352K, used 20090K [0x00000000a1600000, 0x0000000100000000)
  region size 1024K, 5 young (5120K), 5 survivors (5120K)
}

