# JRE version: OpenJDK Runtime Environment Temurin-17.0.18+8 (17.0.18+8) (build 17.0.18+8)
# Java VM: OpenJDK 64-Bit Server VM Temurin-17.0.18+8 (17.0.18+8, mixed mode, sharing, tiered, compressed oops, compressed class ptrs, g1 gc, windows-amd64)
GC Precious Log:
 CPUs: 8 total, 8 available
 Memory: 6055M
 Large Page Support: Disabled
 NUMA Support: Disabled
 Compressed Oops: Enabled (32-bit)
 Heap Region Size: 1M
 Heap Min Capacity: 8M
 Heap Initial Capacity: 96M
 Heap Max Capacity: 1514M
 Pre-touch: Disabled
 Parallel Workers: 8
 Concurrent Workers: 2
 Concurrent Refinement Workers: 8
 Periodic GC: Disabled
Heap:
 garbage-first heap   total 172032K, used 62326K [0x00000000a1600000, 0x0000000100000000)
  region size 1024K, 6 young (6144K), 5 survivors (5120K)
 Metaspace       used 98850K, committed 99456K, reserved 1179648K
  class space    used 12359K, committed 12672K, reserved 1048576K
GC Heap History (20 events):
Event: 41.370 GC heap before
{Heap before GC invocations=30 (full 0):
 garbage-first heap   total 143360K, used 120869K [0x00000000a1600000, 0x0000000100000000)
  region size 1024K, 77 young (78848K), 6 survivors (6144K)
 Metaspace       used 66230K, committed 66688K, reserved 1114112K
  class space    used 7982K, committed 8192K, reserved 1048576K
}
Event: 41.388 GC heap after
{Heap after GC invocations=31 (full 0):
 garbage-first heap   total 143360K, used 49509K [0x00000000a1600000, 0x0000000100000000)
  region size 1024K, 5 young (5120K), 5 survivors (5120K)
 Metaspace       used 66230K, committed 66688K, reserved 1114112K
  class space    used 7982K, committed 8192K, reserved 1048576K
}
Event: 42.636 GC heap before
{Heap before GC invocations=31 (full 0):
 garbage-first heap   total 143360K, used 122213K [0x00000000a1600000, 0x0000000100000000)
  region size 1024K, 76 young (77824K), 5 survivors (5120K)
 Metaspace       used 69866K, committed 70336K, reserved 1114112K
  class space    used 8434K, committed 8640K, reserved 1048576K
}
Event: 42.649 GC heap after
{Heap after GC invocations=32 (full 0):
 garbage-first heap   total 143360K, used 50483K [0x00000000a1600000, 0x0000000100000000)
  region size 1024K, 6 young (6144K), 6 survivors (6144K)
 Metaspace       used 69866K, committed 70336K, reserved 1114112K
  class space    used 8434K, committed 8640K, reserved 1048576K
}
Event: 43.715 GC heap before
{Heap before GC invocations=32 (full 0):
 garbage-first heap   total 143360K, used 121139K [0x00000000a1600000, 0x0000000100000000)
  region size 1024K, 75 young (76800K), 6 survivors (6144K)
 Metaspace       used 73308K, committed 73792K, reserved 1114112K
  class space    used 8801K, committed 9024K, reserved 1048576K
}
Event: 43.730 GC heap after
{Heap after GC invocations=33 (full 0):
 garbage-first heap   total 143360K, used 51227K [0x00000000a1600000, 0x0000000100000000)
  region size 1024K, 6 young (6144K), 6 survivors (6144K)
 Metaspace       used 73308K, committed 73792K, reserved 1114112K
  class space    used 8801K, committed 9024K, reserved 1048576K
}
Event: 44.816 GC heap before
{Heap before GC invocations=33 (full 0):
 garbage-first heap   total 143360K, used 120859K [0x00000000a1600000, 0x0000000100000000)
  region size 1024K, 75 young (76800K), 6 survivors (6144K)
 Metaspace       used 77624K, committed 78080K, reserved 1179648K
  class space    used 9445K, committed 9664K, reserved 1048576K
}
Event: 44.830 GC heap after
{Heap after GC invocations=34 (full 0):
 garbage-first heap   total 143360K, used 51817K [0x00000000a1600000, 0x0000000100000000)
  region size 1024K, 6 young (6144K), 6 survivors (6144K)
 Metaspace       used 77624K, committed 78080K, reserved 1179648K
  class space    used 9445K, committed 9664K, reserved 1048576K
}
Event: 45.707 GC heap before
{Heap before GC invocations=34 (full 0):
 garbage-first heap   total 143360K, used 120425K [0x00000000a1600000, 0x0000000100000000)
  region size 1024K, 74 young (75776K), 6 survivors (6144K)
 Metaspace       used 81003K, committed 81472K, reserved 1179648K
  class space    used 9915K, committed 10112K, reserved 1048576K
}
Event: 45.717 GC heap after
{Heap after GC invocations=35 (full 0):
 garbage-first heap   total 143360K, used 52137K [0x00000000a1600000, 0x0000000100000000)
  region size 1024K, 6 young (6144K), 6 survivors (6144K)
 Metaspace       used 81003K, committed 81472K, reserved 1179648K
  class space    used 9915K, committed 10112K, reserved 1048576K
}
Event: 46.984 GC heap before
{Heap before GC invocations=35 (full 0):
 garbage-first heap   total 143360K, used 121769K [0x00000000a1600000, 0x0000000100000000)
  region size 1024K, 74 young (75776K), 6 survivors (6144K)
 Metaspace       used 84015K, committed 84480K, reserved 1179648K
  class space    used 10292K, committed 10496K, reserved 1048576K
}
Event: 47.003 GC heap after
{Heap after GC invocations=36 (full 0):
 garbage-first heap   total 143360K, used 54546K [0x00000000a1600000, 0x0000000100000000)
  region size 1024K, 8 young (8192K), 8 survivors (8192K)
 Metaspace       used 84015K, committed 84480K, reserved 1179648K
  class space    used 10292K, committed 10496K, reserved 1048576K
}
Event: 49.024 GC heap before
{Heap before GC invocations=36 (full 0):
 garbage-first heap   total 143360K, used 119058K [0x00000000a1600000, 0x0000000100000000)
  region size 1024K, 71 young (72704K), 8 survivors (8192K)
 Metaspace       used 86403K, committed 86912K, reserved 1179648K
  class space    used 10583K, committed 10816K, reserved 1048576K
}
Event: 49.041 GC heap after
{Heap after GC invocations=37 (full 0):
 garbage-first heap   total 143360K, used 56236K [0x00000000a1600000, 0x0000000100000000)
  region size 1024K, 6 young (6144K), 6 survivors (6144K)
 Metaspace       used 86403K, committed 86912K, reserved 1179648K
  class space    used 10583K, committed 10816K, reserved 1048576K
}
Event: 50.021 GC heap before
{Heap before GC invocations=37 (full 0):
 garbage-first heap   total 143360K, used 121772K [0x00000000a1600000, 0x0000000100000000)
  region size 1024K, 70 young (71680K), 6 survivors (6144K)
 Metaspace       used 89653K, committed 90240K, reserved 1179648K
  class space    used 10968K, committed 11264K, reserved 1048576K
}
Event: 50.037 GC heap after
{Heap after GC invocations=38 (full 0):
 garbage-first heap   total 143360K, used 57694K [0x00000000a1600000, 0x0000000100000000)
  region size 1024K, 6 young (6144K), 6 survivors (6144K)
 Metaspace       used 89653K, committed 90240K, reserved 1179648K
  class space    used 10968K, committed 11264K, reserved 1048576K
}
Event: 50.755 GC heap before
{Heap before GC invocations=38 (full 0):
 garbage-first heap   total 143360K, used 122206K [0x00000000a1600000, 0x0000000100000000)
  region size 1024K, 69 young (70656K), 6 survivors (6144K)
 Metaspace       used 92569K, committed 93184K, reserved 1179648K
  class space    used 11458K, committed 11776K, reserved 1048576K
}
Event: 50.773 GC heap after
{Heap after GC invocations=39 (full 0):
 garbage-first heap   total 143360K, used 59168K [0x00000000a1600000, 0x0000000100000000)
  region size 1024K, 5 young (5120K), 5 survivors (5120K)
 Metaspace       used 92569K, committed 93184K, reserved 1179648K
  class space    used 11458K, committed 11776K, reserved 1048576K
}
Event: 51.941 GC heap before
{Heap before GC invocations=39 (full 0):
 garbage-first heap   total 143360K, used 121632K [0x00000000a1600000, 0x0000000100000000)
  region size 1024K, 67 young (68608K), 5 survivors (5120K)
 Metaspace       used 94751K, committed 95296K, reserved 1179648K
  class space    used 11831K, committed 12096K, reserved 1048576K
}
Event: 51.962 GC heap after
{Heap after GC invocations=40 (full 0):
 garbage-first heap   total 172032K, used 62649K [0x00000000a1600000, 0x0000000100000000)
  region size 1024K, 7 young (7168K), 7 survivors (7168K)
 Metaspace       used 94751K, committed 95296K, reserved 1179648K
  class space    used 11831K, committed 12096K, reserved 1048576K
}

